{
  "$schema": "http://json.schemastore.org/sarif-1.0.0",
  "version": "1.0.0",
  "runs": [
    {
      "tool": {
        "name": "Microsoft (R) Visual C# Compiler",
        "version": "4.14.0.0",
        "fileVersion": "4.14.0-3.25465.8 (b0a9adbf)",
        "semanticVersion": "4.14.0",
        "language": "en-US"
      },
      "results": [
        {
          "ruleId": "CS0234",
          "level": "error",
          "message": "The type or namespace name 'Configuration' does not exist in the namespace 'Microsoft.Extensions' (are you missing an assembly reference?)",
          "locations": [
            {
              "resultFile": {
                "uri": "file:///D:/CredenceAI/ProductService/Product.Infrastructure/DependencyInjection.cs",
                "region": {
                  "startLine": 2,
                  "startColumn": 28,
                  "endLine": 2,
                  "endColumn": 41
                }
              }
            }
          ]
        },
        {
          "ruleId": "CS0234",
          "level": "error",
          "message": "The type or namespace name 'Configuration' does not exist in the namespace 'Microsoft.Extensions' (are you missing an assembly reference?)",
          "locations": [
            {
              "resultFile": {
                "uri": "file:///D:/CredenceAI/ProductService/Product.Infrastructure/Persistence/MongoDbContext.cs",
                "region": {
                  "startLine": 1,
                  "startColumn": 28,
                  "endLine": 1,
                  "endColumn": 41
                }
              }
            }
          ]
        },
        {
          "ruleId": "CS0246",
          "level": "error",
          "message": "The type or namespace name 'IConfiguration' could not be found (are you missing a using directive or an assembly reference?)",
          "locations": [
            {
              "resultFile": {
                "uri": "file:///D:/CredenceAI/ProductService/Product.Infrastructure/DependencyInjection.cs",
                "region": {
                  "startLine": 11,
                  "startColumn": 94,
                  "endLine": 11,
                  "endColumn": 108
                }
              }
            }
          ]
        },
        {
          "ruleId": "CS0246",
          "level": "error",
          "message": "The type or namespace name 'IConfiguration' could not be found (are you missing a using directive or an assembly reference?)",
          "locations": [
            {
              "resultFile": {
                "uri": "file:///D:/CredenceAI/ProductService/Product.Infrastructure/Persistence/MongoDbContext.cs",
                "region": {
                  "startLine": 11,
                  "startColumn": 31,
                  "endLine": 11,
                  "endColumn": 45
                }
              }
            }
          ]
        }
      ],
      "rules": {
        "CS0234": {
          "id": "CS0234",
          "defaultLevel": "error",
          "helpUri": "https://msdn.microsoft.com/query/roslyn.query?appId=roslyn&k=k(CS0234)",
          "properties": {
            "category": "Compiler",
            "isEnabledByDefault": true,
            "tags": [
              "Compiler",
              "Telemetry",
              "NotConfigurable"
            ]
          }
        },
        "CS0246": {
          "id": "CS0246",
          "defaultLevel": "error",
          "helpUri": "https://msdn.microsoft.com/query/roslyn.query?appId=roslyn&k=k(CS0246)",
          "properties": {
            "category": "Compiler",
            "isEnabledByDefault": true,
            "tags": [
              "Compiler",
              "Telemetry",
              "NotConfigurable"
            ]
          }
        }
      }
    }
  ]
}